# JRE version: OpenJDK Runtime Environment (15.0.1+9) (build 15.0.1+9-18)
# Java VM: OpenJDK 64-Bit Server VM (15.0.1+9-18, mixed mode, sharing, tiered, compressed oops, g1 gc, windows-amd64)
GC Precious Log:
 CPUs: 4 total, 4 available
 Memory: 4002M
 Large Page Support: Disabled
 NUMA Support: Disabled
 Compressed Oops: Enabled (32-bit)
 Heap Region Size: 1M
 Heap Min Capacity: 8M
 Heap Initial Capacity: 64M
 Heap Max Capacity: 1002M
 Pre-touch: Disabled
 Parallel Workers: 4
 Concurrent Workers: 1
 Concurrent Refinement Workers: 4
 Periodic GC: Disabled
Heap:
 garbage-first heap   total 79872K, used 10780K [0x00000000c1600000, 0x0000000100000000)
  region size 1024K, 4 young (4096K), 4 survivors (4096K)
 Metaspace       used 15849K, capacity 16111K, committed 16256K, reserved 1062912K
  class space    used 2021K, capacity 2133K, committed 2176K, reserved 1048576K
GC Heap History (11 events):
Event: 1.503 GC heap before
{Heap before GC invocations=0 (full 0):
 garbage-first heap   total 65536K, used 13312K [0x00000000c1600000, 0x0000000100000000)
  region size 1024K, 13 young (13312K), 0 survivors (0K)
 Metaspace       used 5479K, capacity 5711K, committed 5888K, reserved 1056768K
  class space    used 642K, capacity 704K, committed 768K, reserved 1048576K
}
Event: 1.519 GC heap after
{Heap after GC invocations=1 (full 0):
 garbage-first heap   total 65536K, used 6676K [0x00000000c1600000, 0x0000000100000000)
  region size 1024K, 2 young (2048K), 2 survivors (2048K)
 Metaspace       used 5479K, capacity 5711K, committed 5888K, reserved 1056768K
  class space    used 642K, capacity 704K, committed 768K, reserved 1048576K
}
Event: 1.813 GC heap before
{Heap before GC invocations=1 (full 0):
 garbage-first heap   total 65536K, used 12820K [0x00000000c1600000, 0x0000000100000000)
  region size 1024K, 9 young (9216K), 2 survivors (2048K)
 Metaspace       used 6850K, capacity 7117K, committed 7296K, reserved 1056768K
  class space    used 806K, capacity 874K, committed 896K, reserved 1048576K
}
Event: 1.820 GC heap after
{Heap after GC invocations=2 (full 0):
 garbage-first heap   total 65536K, used 7399K [0x00000000c1600000, 0x0000000100000000)
  region size 1024K, 1 young (1024K), 1 survivors (1024K)
 Metaspace       used 6850K, capacity 7117K, committed 7296K, reserved 1056768K
  class space    used 806K, capacity 874K, committed 896K, reserved 1048576K
}
Event: 1.839 GC heap before
{Heap before GC invocations=2 (full 0):
 garbage-first heap   total 65536K, used 27879K [0x00000000c1600000, 0x0000000100000000)
  region size 1024K, 22 young (22528K), 1 survivors (1024K)
 Metaspace       used 6850K, capacity 7117K, committed 7296K, reserved 1056768K
  class space    used 806K, capacity 874K, committed 896K, reserved 1048576K
}
Event: 1.841 GC heap after
{Heap after GC invocations=3 (full 0):
 garbage-first heap   total 65536K, used 7377K [0x00000000c1600000, 0x0000000100000000)
  region size 1024K, 1 young (1024K), 1 survivors (1024K)
 Metaspace       used 6850K, capacity 7117K, committed 7296K, reserved 1056768K
  class space    used 806K, capacity 874K, committed 896K, reserved 1048576K
}
Event: 2.970 GC heap before
{Heap before GC invocations=3 (full 0):
 garbage-first heap   total 65536K, used 44241K [0x00000000c1600000, 0x0000000100000000)
  region size 1024K, 38 young (38912K), 1 survivors (1024K)
 Metaspace       used 11035K, capacity 11338K, committed 11520K, reserved 1058816K
  class space    used 1395K, capacity 1466K, committed 1536K, reserved 1048576K
}
Event: 3.005 GC heap after
{Heap after GC invocations=4 (full 0):
 garbage-first heap   total 65536K, used 8431K [0x00000000c1600000, 0x0000000100000000)
  region size 1024K, 2 young (2048K), 2 survivors (2048K)
 Metaspace       used 11035K, capacity 11338K, committed 11520K, reserved 1058816K
  class space    used 1395K, capacity 1466K, committed 1536K, reserved 1048576K
}
Event: 3.836 GC heap before
{Heap before GC invocations=4 (full 0):
 garbage-first heap   total 65536K, used 44271K [0x00000000c1600000, 0x0000000100000000)
  region size 1024K, 38 young (38912K), 2 survivors (2048K)
 Metaspace       used 14723K, capacity 15003K, committed 15104K, reserved 1062912K
  class space    used 1876K, capacity 1961K, committed 2048K, reserved 1048576K
}
Event: 3.844 GC heap after
{Heap after GC invocations=5 (full 0):
 garbage-first heap   total 65536K, used 9624K [0x00000000c1600000, 0x0000000100000000)
  region size 1024K, 3 young (3072K), 3 survivors (3072K)
 Metaspace       used 14723K, capacity 15003K, committed 15104K, reserved 1062912K
  class space    used 1876K, capacity 1961K, committed 2048K, reserved 1048576K
}
Event: 4.466 GC heap before
{Heap before GC invocations=5 (full 0):
 garbage-first heap   total 65536K, used 44440K [0x00000000c1600000, 0x0000000100000000)
  region size 1024K, 38 young (38912K), 3 survivors (3072K)
 Metaspace       used 15849K, capacity 16111K, committed 16256K, reserved 1062912K
  class space    used 2021K, capacity 2133K, committed 2176K, reserved 1048576K
}

